c:\users\sangram_kr.trend\source\repos\mydriver1\mydriver1\debug\vc141.pdb
c:\users\sangram_kr.trend\source\repos\mydriver1\mydriver1\debug\source.obj
c:\users\sangram_kr.trend\source\repos\mydriver1\debug\mydriver1\mydriver1.cat
c:\users\sangram_kr.trend\source\repos\mydriver1\debug\mydriver1.sys
c:\users\sangram_kr.trend\source\repos\mydriver1\debug\mydriver1.pdb
c:\users\sangram_kr.trend\source\repos\mydriver1\mydriver1\debug\mydriver1.inf
c:\users\sangram_kr.trend\source\repos\mydriver1\debug\mydriver1.cer
c:\users\sangram_kr.trend\source\repos\mydriver1\debug\mydriver1.inf
c:\users\sangram_kr.trend\source\repos\mydriver1\mydriver1\debug\mydriver1.tlog\cl.command.1.tlog
c:\users\sangram_kr.trend\source\repos\mydriver1\mydriver1\debug\mydriver1.tlog\cl.read.1.tlog
c:\users\sangram_kr.trend\source\repos\mydriver1\mydriver1\debug\mydriver1.tlog\cl.write.1.tlog
c:\users\sangram_kr.trend\source\repos\mydriver1\mydriver1\debug\mydriver1.tlog\inf2cat-expand.12108.read.1.tlog
c:\users\sangram_kr.trend\source\repos\mydriver1\mydriver1\debug\mydriver1.tlog\inf2cat-expand.12108.write.1.tlog
c:\users\sangram_kr.trend\source\repos\mydriver1\mydriver1\debug\mydriver1.tlog\inf2cat-expand.read.1.tlog
c:\users\sangram_kr.trend\source\repos\mydriver1\mydriver1\debug\mydriver1.tlog\inf2cat-expand.write.1.tlog
c:\users\sangram_kr.trend\source\repos\mydriver1\mydriver1\debug\mydriver1.tlog\inf2cat.command.1.tlog
c:\users\sangram_kr.trend\source\repos\mydriver1\mydriver1\debug\mydriver1.tlog\inf2cat.read.1.tlog
c:\users\sangram_kr.trend\source\repos\mydriver1\mydriver1\debug\mydriver1.tlog\inf2cat.read.9.tlog
c:\users\sangram_kr.trend\source\repos\mydriver1\mydriver1\debug\mydriver1.tlog\inf2cat.write.1.tlog
c:\users\sangram_kr.trend\source\repos\mydriver1\mydriver1\debug\mydriver1.tlog\inf2cat.write.9.tlog
c:\users\sangram_kr.trend\source\repos\mydriver1\mydriver1\debug\mydriver1.tlog\link.command.1.tlog
c:\users\sangram_kr.trend\source\repos\mydriver1\mydriver1\debug\mydriver1.tlog\link.read.1.tlog
c:\users\sangram_kr.trend\source\repos\mydriver1\mydriver1\debug\mydriver1.tlog\link.write.1.tlog
c:\users\sangram_kr.trend\source\repos\mydriver1\mydriver1\debug\mydriver1.tlog\signtool.command.1.tlog
c:\users\sangram_kr.trend\source\repos\mydriver1\mydriver1\debug\mydriver1.tlog\signtool.read.1.tlog
c:\users\sangram_kr.trend\source\repos\mydriver1\mydriver1\debug\mydriver1.tlog\signtool.timestamp.1.tlog
c:\users\sangram_kr.trend\source\repos\mydriver1\mydriver1\debug\mydriver1.tlog\signtool.write.1.tlog
c:\users\sangram_kr.trend\source\repos\mydriver1\mydriver1\debug\mydriver1.tlog\stampinf.command.1.tlog
c:\users\sangram_kr.trend\source\repos\mydriver1\mydriver1\debug\mydriver1.tlog\stampinf.read.1.tlog
c:\users\sangram_kr.trend\source\repos\mydriver1\mydriver1\debug\mydriver1.tlog\stampinf.write.1.tlog
